<?xml version="1.0" encoding="UTF-8"?>
<testsuite xmlns:xsi="http://www.w3.org/2001/XMLSchema-instance" xsi:noNamespaceSchemaLocation="https://maven.apache.org/surefire/maven-surefire-plugin/xsd/surefire-test-report-3.0.xsd" version="3.0" name="com.bonitasoft.processbuilder.filter.ActionBasedTaskAssignationFilterTest" time="2.517" tests="3" errors="0" skipped="0" failures="0">
  <properties>
    <property name="java.specification.version" value="17"/>
    <property name="sun.cpu.isalist" value="amd64"/>
    <property name="sun.jnu.encoding" value="Cp1252"/>
    <property name="java.class.path" value="C:\JavaProjects\process-builder\Actor-filters\filter-action-based-task-assignation\target\test-classes;C:\JavaProjects\process-builder\Actor-filters\filter-action-based-task-assignation\target\classes;C:\Users\Endika\.m2\repository\org\bonitasoft\engine\bonita-common\10.2.0\bonita-common-10.2.0.jar;C:\Users\Endika\.m2\repository\org\bonitasoft\engine\bonita-business-archive\1.1.1\bonita-business-archive-1.1.1.jar;C:\Users\Endika\.m2\repository\org\bonitasoft\engine\bonita-process-definition-model\1.1.1\bonita-process-definition-model-1.1.1.jar;C:\Users\Endika\.m2\repository\org\bonitasoft\engine\bonita-form-mapping-model\1.1.1\bonita-form-mapping-model-1.1.1.jar;C:\Users\Endika\.m2\repository\javax\xml\bind\jaxb-api\2.3.1\jaxb-api-2.3.1.jar;C:\Users\Endika\.m2\repository\org\glassfish\jaxb\jaxb-runtime\2.3.1\jaxb-runtime-2.3.1.jar;C:\Users\Endika\.m2\repository\org\glassfish\jaxb\txw2\2.3.1\txw2-2.3.1.jar;C:\Users\Endika\.m2\repository\com\sun\istack\istack-commons-runtime\3.0.7\istack-commons-runtime-3.0.7.jar;C:\Users\Endika\.m2\repository\org\jvnet\staxex\stax-ex\1.8\stax-ex-1.8.jar;C:\Users\Endika\.m2\repository\com\sun\xml\fastinfoset\FastInfoset\1.2.15\FastInfoset-1.2.15.jar;C:\Users\Endika\.m2\repository\org\glassfish\hk2\osgi-resource-locator\2.4.0\osgi-resource-locator-2.4.0.jar;C:\Users\Endika\.m2\repository\org\bonitasoft\engine\bonita-business-object-model\1.1.1\bonita-business-object-model-1.1.1.jar;C:\Users\Endika\.m2\repository\org\bonitasoft\engine\bonita-profile-model\1.1.1\bonita-profile-model-1.1.1.jar;C:\Users\Endika\.m2\repository\org\bonitasoft\engine\bonita-common-artifacts-model\1.1.1\bonita-common-artifacts-model-1.1.1.jar;C:\Users\Endika\.m2\repository\org\bonitasoft\engine\bonita-organization-model\1.1.1\bonita-organization-model-1.1.1.jar;C:\Users\Endika\.m2\repository\org\bonitasoft\engine\bonita-application-model\1.1.1\bonita-application-model-1.1.1.jar;C:\Users\Endika\.m2\repository\com\fasterxml\jackson\core\jackson-databind\2.17.1\jackson-databind-2.17.1.jar;C:\Users\Endika\.m2\repository\com\fasterxml\jackson\core\jackson-core\2.17.1\jackson-core-2.17.1.jar;C:\Users\Endika\.m2\repository\org\slf4j\slf4j-api\1.7.36\slf4j-api-1.7.36.jar;C:\Users\Endika\.m2\repository\com\fasterxml\jackson\core\jackson-annotations\2.17.1\jackson-annotations-2.17.1.jar;C:\Users\Endika\.m2\repository\com\sun\activation\jakarta.activation\1.2.2\jakarta.activation-1.2.2.jar;C:\Users\Endika\.m2\repository\org\junit\jupiter\junit-jupiter-engine\5.10.1\junit-jupiter-engine-5.10.1.jar;C:\Users\Endika\.m2\repository\org\junit\platform\junit-platform-engine\1.10.1\junit-platform-engine-1.10.1.jar;C:\Users\Endika\.m2\repository\org\opentest4j\opentest4j\1.3.0\opentest4j-1.3.0.jar;C:\Users\Endika\.m2\repository\org\junit\platform\junit-platform-commons\1.10.1\junit-platform-commons-1.10.1.jar;C:\Users\Endika\.m2\repository\org\junit\jupiter\junit-jupiter-api\5.10.1\junit-jupiter-api-5.10.1.jar;C:\Users\Endika\.m2\repository\org\apiguardian\apiguardian-api\1.1.2\apiguardian-api-1.1.2.jar;C:\Users\Endika\.m2\repository\org\assertj\assertj-core\3.24.2\assertj-core-3.24.2.jar;C:\Users\Endika\.m2\repository\net\bytebuddy\byte-buddy\1.12.21\byte-buddy-1.12.21.jar;C:\Users\Endika\.m2\repository\org\mockito\mockito-junit-jupiter\5.6.0\mockito-junit-jupiter-5.6.0.jar;C:\Users\Endika\.m2\repository\org\mockito\mockito-core\5.6.0\mockito-core-5.6.0.jar;C:\Users\Endika\.m2\repository\net\bytebuddy\byte-buddy-agent\1.14.8\byte-buddy-agent-1.14.8.jar;C:\Users\Endika\.m2\repository\org\objenesis\objenesis\3.3\objenesis-3.3.jar;C:\Users\Endika\.m2\repository\ch\qos\logback\logback-classic\1.2.12\logback-classic-1.2.12.jar;C:\Users\Endika\.m2\repository\ch\qos\logback\logback-core\1.2.12\logback-core-1.2.12.jar;"/>
    <property name="java.vm.vendor" value="Oracle Corporation"/>
    <property name="sun.arch.data.model" value="64"/>
    <property name="user.variant" value=""/>
    <property name="java.vendor.url" value="https://java.oracle.com/"/>
    <property name="user.timezone" value="Europe/Madrid"/>
    <property name="os.name" value="Windows 11"/>
    <property name="java.vm.specification.version" value="17"/>
    <property name="sun.java.launcher" value="SUN_STANDARD"/>
    <property name="user.country" value="ES"/>
    <property name="sun.boot.library.path" value="C:\Program Files\Java\jdk-17\bin"/>
    <property name="sun.java.command" value="C:\Users\Endika\AppData\Local\Temp\surefire6513445952658892110\surefirebooter-20250903145847510_3.jar C:\Users\Endika\AppData\Local\Temp\surefire6513445952658892110 2025-09-03T14-58-47_171-jvmRun1 surefire-20250903145847510_1tmp surefire_0-20250903145847510_2tmp"/>
    <property name="jdk.debug" value="release"/>
    <property name="surefire.test.class.path" value="C:\JavaProjects\process-builder\Actor-filters\filter-action-based-task-assignation\target\test-classes;C:\JavaProjects\process-builder\Actor-filters\filter-action-based-task-assignation\target\classes;C:\Users\Endika\.m2\repository\org\bonitasoft\engine\bonita-common\10.2.0\bonita-common-10.2.0.jar;C:\Users\Endika\.m2\repository\org\bonitasoft\engine\bonita-business-archive\1.1.1\bonita-business-archive-1.1.1.jar;C:\Users\Endika\.m2\repository\org\bonitasoft\engine\bonita-process-definition-model\1.1.1\bonita-process-definition-model-1.1.1.jar;C:\Users\Endika\.m2\repository\org\bonitasoft\engine\bonita-form-mapping-model\1.1.1\bonita-form-mapping-model-1.1.1.jar;C:\Users\Endika\.m2\repository\javax\xml\bind\jaxb-api\2.3.1\jaxb-api-2.3.1.jar;C:\Users\Endika\.m2\repository\org\glassfish\jaxb\jaxb-runtime\2.3.1\jaxb-runtime-2.3.1.jar;C:\Users\Endika\.m2\repository\org\glassfish\jaxb\txw2\2.3.1\txw2-2.3.1.jar;C:\Users\Endika\.m2\repository\com\sun\istack\istack-commons-runtime\3.0.7\istack-commons-runtime-3.0.7.jar;C:\Users\Endika\.m2\repository\org\jvnet\staxex\stax-ex\1.8\stax-ex-1.8.jar;C:\Users\Endika\.m2\repository\com\sun\xml\fastinfoset\FastInfoset\1.2.15\FastInfoset-1.2.15.jar;C:\Users\Endika\.m2\repository\org\glassfish\hk2\osgi-resource-locator\2.4.0\osgi-resource-locator-2.4.0.jar;C:\Users\Endika\.m2\repository\org\bonitasoft\engine\bonita-business-object-model\1.1.1\bonita-business-object-model-1.1.1.jar;C:\Users\Endika\.m2\repository\org\bonitasoft\engine\bonita-profile-model\1.1.1\bonita-profile-model-1.1.1.jar;C:\Users\Endika\.m2\repository\org\bonitasoft\engine\bonita-common-artifacts-model\1.1.1\bonita-common-artifacts-model-1.1.1.jar;C:\Users\Endika\.m2\repository\org\bonitasoft\engine\bonita-organization-model\1.1.1\bonita-organization-model-1.1.1.jar;C:\Users\Endika\.m2\repository\org\bonitasoft\engine\bonita-application-model\1.1.1\bonita-application-model-1.1.1.jar;C:\Users\Endika\.m2\repository\com\fasterxml\jackson\core\jackson-databind\2.17.1\jackson-databind-2.17.1.jar;C:\Users\Endika\.m2\repository\com\fasterxml\jackson\core\jackson-core\2.17.1\jackson-core-2.17.1.jar;C:\Users\Endika\.m2\repository\org\slf4j\slf4j-api\1.7.36\slf4j-api-1.7.36.jar;C:\Users\Endika\.m2\repository\com\fasterxml\jackson\core\jackson-annotations\2.17.1\jackson-annotations-2.17.1.jar;C:\Users\Endika\.m2\repository\com\sun\activation\jakarta.activation\1.2.2\jakarta.activation-1.2.2.jar;C:\Users\Endika\.m2\repository\org\junit\jupiter\junit-jupiter-engine\5.10.1\junit-jupiter-engine-5.10.1.jar;C:\Users\Endika\.m2\repository\org\junit\platform\junit-platform-engine\1.10.1\junit-platform-engine-1.10.1.jar;C:\Users\Endika\.m2\repository\org\opentest4j\opentest4j\1.3.0\opentest4j-1.3.0.jar;C:\Users\Endika\.m2\repository\org\junit\platform\junit-platform-commons\1.10.1\junit-platform-commons-1.10.1.jar;C:\Users\Endika\.m2\repository\org\junit\jupiter\junit-jupiter-api\5.10.1\junit-jupiter-api-5.10.1.jar;C:\Users\Endika\.m2\repository\org\apiguardian\apiguardian-api\1.1.2\apiguardian-api-1.1.2.jar;C:\Users\Endika\.m2\repository\org\assertj\assertj-core\3.24.2\assertj-core-3.24.2.jar;C:\Users\Endika\.m2\repository\net\bytebuddy\byte-buddy\1.12.21\byte-buddy-1.12.21.jar;C:\Users\Endika\.m2\repository\org\mockito\mockito-junit-jupiter\5.6.0\mockito-junit-jupiter-5.6.0.jar;C:\Users\Endika\.m2\repository\org\mockito\mockito-core\5.6.0\mockito-core-5.6.0.jar;C:\Users\Endika\.m2\repository\net\bytebuddy\byte-buddy-agent\1.14.8\byte-buddy-agent-1.14.8.jar;C:\Users\Endika\.m2\repository\org\objenesis\objenesis\3.3\objenesis-3.3.jar;C:\Users\Endika\.m2\repository\ch\qos\logback\logback-classic\1.2.12\logback-classic-1.2.12.jar;C:\Users\Endika\.m2\repository\ch\qos\logback\logback-core\1.2.12\logback-core-1.2.12.jar;"/>
    <property name="sun.cpu.endian" value="little"/>
    <property name="user.home" value="C:\Users\Endika"/>
    <property name="user.language" value="es"/>
    <property name="java.specification.vendor" value="Oracle Corporation"/>
    <property name="java.version.date" value="2024-04-16"/>
    <property name="java.home" value="C:\Program Files\Java\jdk-17"/>
    <property name="file.separator" value="\"/>
    <property name="basedir" value="C:\JavaProjects\process-builder\Actor-filters\filter-action-based-task-assignation"/>
    <property name="java.vm.compressedOopsMode" value="Zero based"/>
    <property name="line.separator" value="&#10;"/>
    <property name="java.vm.specification.vendor" value="Oracle Corporation"/>
    <property name="java.specification.name" value="Java Platform API Specification"/>
    <property name="surefire.real.class.path" value="C:\Users\Endika\AppData\Local\Temp\surefire6513445952658892110\surefirebooter-20250903145847510_3.jar"/>
    <property name="user.script" value=""/>
    <property name="sun.management.compiler" value="HotSpot 64-Bit Tiered Compilers"/>
    <property name="java.runtime.version" value="17.0.11+7-LTS-207"/>
    <property name="user.name" value="Endika"/>
    <property name="path.separator" value=";"/>
    <property name="os.version" value="10.0"/>
    <property name="java.runtime.name" value="Java(TM) SE Runtime Environment"/>
    <property name="file.encoding" value="Cp1252"/>
    <property name="java.vm.name" value="Java HotSpot(TM) 64-Bit Server VM"/>
    <property name="localRepository" value="C:\Users\Endika\.m2\repository"/>
    <property name="java.vendor.url.bug" value="https://bugreport.java.com/bugreport/"/>
    <property name="java.io.tmpdir" value="C:\Users\Endika\AppData\Local\Temp\"/>
    <property name="java.version" value="17.0.11"/>
    <property name="user.dir" value="C:\JavaProjects\process-builder\Actor-filters\filter-action-based-task-assignation"/>
    <property name="os.arch" value="amd64"/>
    <property name="java.vm.specification.name" value="Java Virtual Machine Specification"/>
    <property name="sun.os.patch.level" value=""/>
    <property name="native.encoding" value="Cp1252"/>
    <property name="java.library.path" value="C:\Program Files\Java\jdk-17\bin;C:\WINDOWS\Sun\Java\bin;C:\WINDOWS\system32;C:\WINDOWS;C:\Users\Endika\bin;C:\Program Files\Git\mingw64\bin;C:\Program Files\Git\usr\local\bin;C:\Program Files\Git\usr\bin;C:\Program Files\Git\usr\bin;C:\Program Files\Git\mingw64\bin;C:\Program Files\Git\usr\bin;C:\Users\Endika\bin;C:\app\Endika\product\21c\dbhomeXE\bin;C:\Program Files\Common Files\Oracle\Java\javapath;C:\WINDOWS\system32;C:\WINDOWS;C:\WINDOWS\System32\Wbem;C:\WINDOWS\System32\WindowsPowerShell\v1.0;C:\WINDOWS\System32\OpenSSH;C:\Program Files\Git\cmd;C:\apache-maven-3.8.4\bin;C:\Program Files\Java\jdk-11.0.13\bin;C:\Program Files (x86)\GitExtensions;C:\Program Files\Microsoft SQL Server\Client SDK\ODBC\130\Tools\Binn;C:\Program Files (x86)\Microsoft SQL Server\130\Tools\Binn;C:\Program Files\Microsoft SQL Server\130\Tools\Binn;C:\Program Files\Microsoft SQL Server\130\DTS\Binn;C:\Program Files (x86)\Microsoft SQL Server\150\DTS\Binn;C:\Program Files\Azure Data Studio\bin;C:\Program Files\nodejs;C:\ProgramData\chocolatey\bin;C:\Program Files\PuTTY;C:\Program Files\Graphviz\bin;C:\Program Files\Docker\Docker\resources\bin;C:\Users\Endika\AppData\Local\Microsoft\WindowsApps;C:\Users\Endika\AppData\Local\GitHubDesktop\bin;C:\Users\Endika\AppData\Local\Programs\Microsoft VS Code\bin;C:\Program Files\Azure Data Studio\bin;C:\Users\Endika\AppData\Roaming\npm;C:\Users\Endika\AppData\Local\Pandoc;C:\Program Files\Git\usr\bin\vendor_perl;C:\Program Files\Git\usr\bin\core_perl;."/>
    <property name="java.vm.info" value="mixed mode, sharing"/>
    <property name="java.vendor" value="Oracle Corporation"/>
    <property name="java.vm.version" value="17.0.11+7-LTS-207"/>
    <property name="sun.io.unicode.encoding" value="UnicodeLittle"/>
    <property name="java.class.version" value="61.0"/>
  </properties>
  <testcase name="validateInputParameters_should_throw_exception_if_input_is_malformed_json" classname="com.bonitasoft.processbuilder.filter.ActionBasedTaskAssignationFilterTest" time="2.432"/>
  <testcase name="validateInputParameters_should_throw_exception_if_json_structure_is_invalid" classname="com.bonitasoft.processbuilder.filter.ActionBasedTaskAssignationFilterTest" time="0.03"/>
  <testcase name="validateInputParameters_should_throw_exception_if_input_is_null" classname="com.bonitasoft.processbuilder.filter.ActionBasedTaskAssignationFilterTest" time="0.008"/>
</testsuite>